build/app/intermediates/manifest_merge_blame_file/debug/processDebugMainManifest/manifest-merger-blame-debug-report.txt
1<?xml version="1.0" encoding="utf-8"?>
2<manifest xmlns:android="http://schemas.android.com/apk/res/android"
3    package="com.example.todoapp"
4    android:versionCode="1"
5    android:versionName="1.0.0" >
6
7    <uses-sdk
8        android:minSdkVersion="21"
9        android:targetSdkVersion="35" />
10    <!--
11         The INTERNET permission is required for development. Specifically,
12         the Flutter tool needs it to communicate with the running application
13         to allow setting breakpoints, to provide hot reload, etc.
14    -->
15    <uses-permission android:name="android.permission.INTERNET" />
15-->src\main\AndroidManifest.xml:4:5-67
15-->src\main\AndroidManifest.xml:4:22-64
16    <uses-permission android:name="android.permission.ACCESS_FINE_LOCATION" />
16-->src\main\AndroidManifest.xml:5:5-78
16-->src\main\AndroidManifest.xml:5:22-76
17    <uses-permission android:name="android.permission.ACCESS_COARSE_LOCATION" /> <!-- Queries -->
17-->src\main\AndroidManifest.xml:6:5-80
17-->src\main\AndroidManifest.xml:6:22-78
18    <queries>
18-->src\main\AndroidManifest.xml:42:5-47:15
19        <intent>
19-->src\main\AndroidManifest.xml:43:9-46:18
20            <action android:name="android.intent.action.PROCESS_TEXT" />
20-->src\main\AndroidManifest.xml:44:13-72
20-->src\main\AndroidManifest.xml:44:21-70
21
22            <data android:mimeType="text/plain" />
22-->src\main\AndroidManifest.xml:45:13-50
22-->src\main\AndroidManifest.xml:45:19-48
23        </intent>
24    </queries>
25
26    <permission
26-->[androidx.core:core:1.13.1] AndroidManifest.xml:22:5-24:47
27        android:name="com.example.todoapp.DYNAMIC_RECEIVER_NOT_EXPORTED_PERMISSION"
27-->[androidx.core:core:1.13.1] AndroidManifest.xml:23:9-81
28        android:protectionLevel="signature" />
28-->[androidx.core:core:1.13.1] AndroidManifest.xml:24:9-44
29
30    <uses-permission android:name="com.example.todoapp.DYNAMIC_RECEIVER_NOT_EXPORTED_PERMISSION" />
30-->[androidx.core:core:1.13.1] AndroidManifest.xml:26:5-97
30-->[androidx.core:core:1.13.1] AndroidManifest.xml:26:22-94
31
32    <application
33        android:name="android.app.Application"
34        android:appComponentFactory="androidx.core.app.CoreComponentFactory"
34-->[androidx.core:core:1.13.1] AndroidManifest.xml:28:18-86
35        android:debuggable="true"
36        android:extractNativeLibs="true"
37        android:icon="@mipmap/ic_launcher"
38        android:label="todoapp"
39        android:usesCleartextTraffic="true" >
40        <activity
41            android:name="com.example.todoapp.MainActivity"
42            android:configChanges="orientation|keyboardHidden|keyboard|screenSize|smallestScreenSize|locale|layoutDirection|fontScale|screenLayout|density|uiMode"
43            android:exported="true"
44            android:hardwareAccelerated="true"
45            android:launchMode="singleTop"
46            android:taskAffinity=""
47            android:theme="@style/LaunchTheme"
48            android:windowSoftInputMode="adjustResize" >
49            <meta-data
50                android:name="io.flutter.embedding.android.NormalTheme"
51                android:resource="@style/NormalTheme" />
52
53            <intent-filter>
54                <action android:name="android.intent.action.MAIN" />
55
56                <category android:name="android.intent.category.LAUNCHER" />
57            </intent-filter>
58        </activity>
59
60        <!-- Ne pas supprimer -->
61        <meta-data
62            android:name="flutterEmbedding"
63            android:value="2" />
64
65        <service
65-->[:geolocator_android] AndroidManifest.xml:8:9-12:56
66            android:name="com.baseflow.geolocator.GeolocatorLocationService"
66-->[:geolocator_android] AndroidManifest.xml:9:13-77
67            android:enabled="true"
67-->[:geolocator_android] AndroidManifest.xml:10:13-35
68            android:exported="false"
68-->[:geolocator_android] AndroidManifest.xml:11:13-37
69            android:foregroundServiceType="location" />
69-->[:geolocator_android] AndroidManifest.xml:12:13-53
70
71        <provider
71-->[:image_picker_android] AndroidManifest.xml:9:9-17:20
72            android:name="io.flutter.plugins.imagepicker.ImagePickerFileProvider"
72-->[:image_picker_android] AndroidManifest.xml:10:13-82
73            android:authorities="com.example.todoapp.flutter.image_provider"
73-->[:image_picker_android] AndroidManifest.xml:11:13-74
74            android:exported="false"
74-->[:image_picker_android] AndroidManifest.xml:12:13-37
75            android:grantUriPermissions="true" >
75-->[:image_picker_android] AndroidManifest.xml:13:13-47
76            <meta-data
76-->[:image_picker_android] AndroidManifest.xml:14:13-16:75
77                android:name="android.support.FILE_PROVIDER_PATHS"
77-->[:image_picker_android] AndroidManifest.xml:15:17-67
78                android:resource="@xml/flutter_image_picker_file_paths" />
78-->[:image_picker_android] AndroidManifest.xml:16:17-72
79        </provider> <!-- Trigger Google Play services to install the backported photo picker module. -->
80        <service
80-->[:image_picker_android] AndroidManifest.xml:19:9-31:19
81            android:name="com.google.android.gms.metadata.ModuleDependencies"
81-->[:image_picker_android] AndroidManifest.xml:20:13-78
82            android:enabled="false"
82-->[:image_picker_android] AndroidManifest.xml:21:13-36
83            android:exported="false" >
83-->[:image_picker_android] AndroidManifest.xml:22:13-37
84            <intent-filter>
84-->[:image_picker_android] AndroidManifest.xml:24:13-26:29
85                <action android:name="com.google.android.gms.metadata.MODULE_DEPENDENCIES" />
85-->[:image_picker_android] AndroidManifest.xml:25:17-94
85-->[:image_picker_android] AndroidManifest.xml:25:25-91
86            </intent-filter>
87
88            <meta-data
88-->[:image_picker_android] AndroidManifest.xml:28:13-30:36
89                android:name="photopicker_activity:0:required"
89-->[:image_picker_android] AndroidManifest.xml:29:17-63
90                android:value="" />
90-->[:image_picker_android] AndroidManifest.xml:30:17-33
91        </service>
92
93        <activity
93-->[com.google.android.gms:play-services-base:18.3.0] AndroidManifest.xml:20:9-22:45
94            android:name="com.google.android.gms.common.api.GoogleApiActivity"
94-->[com.google.android.gms:play-services-base:18.3.0] AndroidManifest.xml:20:19-85
95            android:exported="false"
95-->[com.google.android.gms:play-services-base:18.3.0] AndroidManifest.xml:22:19-43
96            android:theme="@android:style/Theme.Translucent.NoTitleBar" />
96-->[com.google.android.gms:play-services-base:18.3.0] AndroidManifest.xml:21:19-78
97
98        <meta-data
98-->[com.google.android.gms:play-services-basement:18.3.0] AndroidManifest.xml:21:9-23:69
99            android:name="com.google.android.gms.version"
99-->[com.google.android.gms:play-services-basement:18.3.0] AndroidManifest.xml:22:13-58
100            android:value="@integer/google_play_services_version" />
100-->[com.google.android.gms:play-services-basement:18.3.0] AndroidManifest.xml:23:13-66
101
102        <uses-library
102-->[androidx.window:window:1.2.0] AndroidManifest.xml:23:9-25:40
103            android:name="androidx.window.extensions"
103-->[androidx.window:window:1.2.0] AndroidManifest.xml:24:13-54
104            android:required="false" />
104-->[androidx.window:window:1.2.0] AndroidManifest.xml:25:13-37
105        <uses-library
105-->[androidx.window:window:1.2.0] AndroidManifest.xml:26:9-28:40
106            android:name="androidx.window.sidecar"
106-->[androidx.window:window:1.2.0] AndroidManifest.xml:27:13-51
107            android:required="false" />
107-->[androidx.window:window:1.2.0] AndroidManifest.xml:28:13-37
108
109        <provider
109-->[androidx.lifecycle:lifecycle-process:2.7.0] AndroidManifest.xml:24:9-32:20
110            android:name="androidx.startup.InitializationProvider"
110-->[androidx.lifecycle:lifecycle-process:2.7.0] AndroidManifest.xml:25:13-67
111            android:authorities="com.example.todoapp.androidx-startup"
111-->[androidx.lifecycle:lifecycle-process:2.7.0] AndroidManifest.xml:26:13-68
112            android:exported="false" >
112-->[androidx.lifecycle:lifecycle-process:2.7.0] AndroidManifest.xml:27:13-37
113            <meta-data
113-->[androidx.lifecycle:lifecycle-process:2.7.0] AndroidManifest.xml:29:13-31:52
114                android:name="androidx.lifecycle.ProcessLifecycleInitializer"
114-->[androidx.lifecycle:lifecycle-process:2.7.0] AndroidManifest.xml:30:17-78
115                android:value="androidx.startup" />
115-->[androidx.lifecycle:lifecycle-process:2.7.0] AndroidManifest.xml:31:17-49
116            <meta-data
116-->[androidx.profileinstaller:profileinstaller:1.4.0] AndroidManifest.xml:29:13-31:52
117                android:name="androidx.profileinstaller.ProfileInstallerInitializer"
117-->[androidx.profileinstaller:profileinstaller:1.4.0] AndroidManifest.xml:30:17-85
118                android:value="androidx.startup" />
118-->[androidx.profileinstaller:profileinstaller:1.4.0] AndroidManifest.xml:31:17-49
119        </provider>
120
121        <receiver
121-->[androidx.profileinstaller:profileinstaller:1.4.0] AndroidManifest.xml:34:9-52:20
122            android:name="androidx.profileinstaller.ProfileInstallReceiver"
122-->[androidx.profileinstaller:profileinstaller:1.4.0] AndroidManifest.xml:35:13-76
123            android:directBootAware="false"
123-->[androidx.profileinstaller:profileinstaller:1.4.0] AndroidManifest.xml:36:13-44
124            android:enabled="true"
124-->[androidx.profileinstaller:profileinstaller:1.4.0] AndroidManifest.xml:37:13-35
125            android:exported="true"
125-->[androidx.profileinstaller:profileinstaller:1.4.0] AndroidManifest.xml:38:13-36
126            android:permission="android.permission.DUMP" >
126-->[androidx.profileinstaller:profileinstaller:1.4.0] AndroidManifest.xml:39:13-57
127            <intent-filter>
127-->[androidx.profileinstaller:profileinstaller:1.4.0] AndroidManifest.xml:40:13-42:29
128                <action android:name="androidx.profileinstaller.action.INSTALL_PROFILE" />
128-->[androidx.profileinstaller:profileinstaller:1.4.0] AndroidManifest.xml:41:17-91
128-->[androidx.profileinstaller:profileinstaller:1.4.0] AndroidManifest.xml:41:25-88
129            </intent-filter>
130            <intent-filter>
130-->[androidx.profileinstaller:profileinstaller:1.4.0] AndroidManifest.xml:43:13-45:29
131                <action android:name="androidx.profileinstaller.action.SKIP_FILE" />
131-->[androidx.profileinstaller:profileinstaller:1.4.0] AndroidManifest.xml:44:17-85
131-->[androidx.profileinstaller:profileinstaller:1.4.0] AndroidManifest.xml:44:25-82
132            </intent-filter>
133            <intent-filter>
133-->[androidx.profileinstaller:profileinstaller:1.4.0] AndroidManifest.xml:46:13-48:29
134                <action android:name="androidx.profileinstaller.action.SAVE_PROFILE" />
134-->[androidx.profileinstaller:profileinstaller:1.4.0] AndroidManifest.xml:47:17-88
134-->[androidx.profileinstaller:profileinstaller:1.4.0] AndroidManifest.xml:47:25-85
135            </intent-filter>
136            <intent-filter>
136-->[androidx.profileinstaller:profileinstaller:1.4.0] AndroidManifest.xml:49:13-51:29
137                <action android:name="androidx.profileinstaller.action.BENCHMARK_OPERATION" />
137-->[androidx.profileinstaller:profileinstaller:1.4.0] AndroidManifest.xml:50:17-95
137-->[androidx.profileinstaller:profileinstaller:1.4.0] AndroidManifest.xml:50:25-92
138            </intent-filter>
139        </receiver>
140    </application>
141
142</manifest>